-------------------------------------------------------------------------------
Test set: Tests.NeuspesnoOtvaranjeKonkursa
-------------------------------------------------------------------------------
Tests run: 4, Failures: 3, Errors: 0, Skipped: 0, Time elapsed: 3.492 sec <<< FAILURE!
OtvaranjeKonkursaTest5(Tests.NeuspesnoOtvaranjeKonkursa)  Time elapsed: 0.269 sec  <<< FAILURE!
java.lang.AssertionError: expected [true] but found [false]
	at org.testng.Assert.fail(Assert.java:99)
	at org.testng.Assert.failNotEquals(Assert.java:1037)
	at org.testng.Assert.assertTrue(Assert.java:45)
	at org.testng.Assert.assertTrue(Assert.java:55)
	at Tests.NeuspesnoOtvaranjeKonkursa.OtvoriKonkursTest(NeuspesnoOtvaranjeKonkursa.java:118)
	at Tests.NeuspesnoOtvaranjeKonkursa.OtvaranjeKonkursaTest5(NeuspesnoOtvaranjeKonkursa.java:62)

OtvaranjeKonkursaTest6(Tests.NeuspesnoOtvaranjeKonkursa)  Time elapsed: 0.326 sec  <<< FAILURE!
java.lang.AssertionError: expected [true] but found [false]
	at org.testng.Assert.fail(Assert.java:99)
	at org.testng.Assert.failNotEquals(Assert.java:1037)
	at org.testng.Assert.assertTrue(Assert.java:45)
	at org.testng.Assert.assertTrue(Assert.java:55)
	at Tests.NeuspesnoOtvaranjeKonkursa.OtvoriKonkursTest(NeuspesnoOtvaranjeKonkursa.java:118)
	at Tests.NeuspesnoOtvaranjeKonkursa.OtvaranjeKonkursaTest6(NeuspesnoOtvaranjeKonkursa.java:78)

OtvaranjeKonkursaTest7(Tests.NeuspesnoOtvaranjeKonkursa)  Time elapsed: 0.314 sec  <<< FAILURE!
java.lang.AssertionError: expected [true] but found [false]
	at org.testng.Assert.fail(Assert.java:99)
	at org.testng.Assert.failNotEquals(Assert.java:1037)
	at org.testng.Assert.assertTrue(Assert.java:45)
	at org.testng.Assert.assertTrue(Assert.java:55)
	at Tests.NeuspesnoOtvaranjeKonkursa.OtvoriKonkursTest(NeuspesnoOtvaranjeKonkursa.java:118)
	at Tests.NeuspesnoOtvaranjeKonkursa.OtvaranjeKonkursaTest7(NeuspesnoOtvaranjeKonkursa.java:94)

